Build started 23/07/2015 21:09:41.
     1>Project "E:\Leo\Documents\tcc\reconhecedor_sinal_estatico\reconhecedor_sinal_estatico\reconhecedor_sinal_estatico.vcxproj" on node 2 (build target(s)).
     1>InitializeBuildStatus:
         Touching "Debug\reconhecedor_sinal_estatico.unsuccessfulbuild".
       ClCompile:
         C:\Program Files (x86)\Microsoft Visual Studio 10.0\VC\bin\CL.exe /c /I"C:\Program Files (x86)\OpenNI\Include" /IE:\Leo\Documents\tcc\opencv\install\include /IE:\Leo\Documents\tcc\reconhecedor_sinal_estatico\include /ZI /nologo /W3 /WX- /Od /Oy- /D WIN32 /D _DEBUG /D _CONSOLE /D _UNICODE /D UNICODE /Gm /EHsc /RTC1 /MDd /GS /fp:precise /Zc:wchar_t /Zc:forScope /Fo"Debug\\" /Fd"Debug\vc100.pdb" /Gd /TP /analyze- /errorReport:prompt ..\include\log.cpp ..\include\SkeletonSensor.cpp reconhecedorSinaisEstaticos.cpp
         reconhecedorSinaisEstaticos.cpp
     1>e:\leo\documents\tcc\reconhecedor_sinal_estatico\reconhecedor_sinal_estatico\reconhecedorsinaisestaticos.cpp(222): warning C4244: '=' : conversion from 'float' to 'int', possible loss of data
     1>e:\leo\documents\tcc\reconhecedor_sinal_estatico\reconhecedor_sinal_estatico\reconhecedorsinaisestaticos.cpp(228): warning C4244: '=' : conversion from 'float' to 'int', possible loss of data
     1>e:\leo\documents\tcc\reconhecedor_sinal_estatico\reconhecedor_sinal_estatico\reconhecedorsinaisestaticos.cpp(229): warning C4244: '=' : conversion from 'float' to 'int', possible loss of data
     1>e:\leo\documents\tcc\reconhecedor_sinal_estatico\reconhecedor_sinal_estatico\reconhecedorsinaisestaticos.cpp(276): warning C4018: '<' : signed/unsigned mismatch
     1>e:\leo\documents\tcc\reconhecedor_sinal_estatico\reconhecedor_sinal_estatico\reconhecedorsinaisestaticos.cpp(317): warning C4018: '<' : signed/unsigned mismatch
         SkeletonSensor.cpp
     1>e:\leo\documents\tcc\reconhecedor_sinal_estatico\include\skeletonsensor.cpp(23): warning C4996: 'xn::Context::Shutdown': You may use Release() instead, or count on dtor
                 c:\program files (x86)\openni\include\xncppwrapper.h(9552) : see declaration of 'xn::Context::Shutdown'
     1>e:\leo\documents\tcc\reconhecedor_sinal_estatico\include\skeletonsensor.cpp(60): warning C4805: '==' : unsafe mix of type 'XnBool' and type 'bool' in operation
     1>e:\leo\documents\tcc\reconhecedor_sinal_estatico\include\skeletonsensor.cpp(67): warning C4805: '==' : unsafe mix of type 'XnBool' and type 'bool' in operation
     1>e:\leo\documents\tcc\reconhecedor_sinal_estatico\include\skeletonsensor.cpp(78): warning C4305: 'argument' : truncation from 'double' to 'XnFloat'
     1>e:\leo\documents\tcc\reconhecedor_sinal_estatico\include\skeletonsensor.cpp(115): warning C4800: 'XnBool' : forcing value to bool 'true' or 'false' (performance warning)
         log.cpp
     1>e:\leo\documents\tcc\reconhecedor_sinal_estatico\include\log.cpp(53): warning C4996: 'vsnprintf': This function or variable may be unsafe. Consider using vsnprintf_s instead. To disable deprecation, use _CRT_SECURE_NO_WARNINGS. See online help for details.
                 c:\program files (x86)\microsoft visual studio 10.0\vc\include\stdio.h(354) : see declaration of 'vsnprintf'
         Generating Code...
     1>e:\leo\documents\tcc\reconhecedor_sinal_estatico\include\skeletonsensor.cpp(124): warning C4700: uninitialized local variable 'result' used
       ManifestResourceCompile:
         All outputs are up-to-date.
       Link:
         C:\Program Files (x86)\Microsoft Visual Studio 10.0\VC\bin\link.exe /ERRORREPORT:PROMPT /OUT:"E:\Leo\Documents\tcc\reconhecedor_sinal_estatico\Debug\reconhecedor_sinal_estatico.exe" /INCREMENTAL /NOLOGO /LIBPATH:"C:\Program Files (x86)\OpenNI\Lib" /LIBPATH:E:\Leo\Documents\tcc\opencv\install\x86\vc10\lib openNI.lib opencv_calib3d2410d.lib opencv_contrib2410d.lib opencv_core2410d.lib opencv_features2d2410d.lib opencv_flann2410d.lib opencv_gpu2410d.lib opencv_highgui2410d.lib opencv_imgproc2410d.lib opencv_legacy2410d.lib opencv_ml2410d.lib opencv_nonfree2410d.lib opencv_objdetect2410d.lib opencv_ocl2410d.lib opencv_photo2410d.lib opencv_stitching2410d.lib opencv_superres2410d.lib opencv_ts2410d.lib opencv_video2410d.lib opencv_videostab2410d.lib kernel32.lib user32.lib gdi32.lib winspool.lib comdlg32.lib advapi32.lib shell32.lib ole32.lib oleaut32.lib uuid.lib odbc32.lib odbccp32.lib /MANIFEST /ManifestFile:"Debug\reconhecedor_sinal_estatico.exe.intermediate.manifest" /MANIFESTUAC:"level='asInvoker' uiAccess='false'" /DEBUG /PDB:"E:\Leo\Documents\tcc\reconhecedor_sinal_estatico\Debug\reconhecedor_sinal_estatico.pdb" /SUBSYSTEM:CONSOLE /TLBID:1 /DYNAMICBASE /NXCOMPAT /IMPLIB:"E:\Leo\Documents\tcc\reconhecedor_sinal_estatico\Debug\reconhecedor_sinal_estatico.lib" /MACHINE:X86 Debug\reconhecedor_sinal_estatico.exe.embed.manifest.res
         Debug\log.obj
         Debug\SkeletonSensor.obj
         Debug\reconhecedorSinaisEstaticos.obj
       Manifest:
         C:\Program Files (x86)\Microsoft SDKs\Windows\v7.0A\bin\mt.exe /nologo /verbose /out:"Debug\reconhecedor_sinal_estatico.exe.embed.manifest" /manifest Debug\reconhecedor_sinal_estatico.exe.intermediate.manifest
         All outputs are up-to-date.
       LinkEmbedManifest:
         All outputs are up-to-date.
         reconhecedor_sinal_estatico.vcxproj -> E:\Leo\Documents\tcc\reconhecedor_sinal_estatico\Debug\reconhecedor_sinal_estatico.exe
       FinalizeBuildStatus:
         Deleting file "Debug\reconhecedor_sinal_estatico.unsuccessfulbuild".
         Touching "Debug\reconhecedor_sinal_estatico.lastbuildstate".
     1>Done Building Project "E:\Leo\Documents\tcc\reconhecedor_sinal_estatico\reconhecedor_sinal_estatico\reconhecedor_sinal_estatico.vcxproj" (build target(s)).

Build succeeded.

Time Elapsed 00:00:02.08
